<?xml version="1.0" encoding="UTF-8"?>
<!-- Generated by org.testng.reporters.JUnitReportReporter -->
<testsuite hostname="VibinWorkStation" failures="0" tests="2" name="thevortexalpha.AppiumFrameworkDesign.O01_ECommerce_E2E_TC01" time="69.655" errors="0" timestamp="2025-03-23T21:33:05 IST" skipped="0">
  <testcase classname="thevortexalpha.AppiumFrameworkDesign.O01_ECommerce_E2E_TC01" name="eCommerceE2EHybrid" time="36.241"/>
  <testcase classname="thevortexalpha.AppiumFrameworkDesign.O01_ECommerce_E2E_TC01" name="eCommerceE2EHybrid" time="33.414"/>
</testsuite> <!-- thevortexalpha.AppiumFrameworkDesign.O01_ECommerce_E2E_TC01 -->
