<?xml version="1.0" encoding="UTF-8"?>
<!-- Generated by org.testng.reporters.JUnitReportReporter -->
<testsuite hostname="VibinWorkStation" failures="0" tests="2" name="thevortexalpha.AppiumFrameworkDesign.PositiveNdNegativeTest" time="23.921" errors="0" timestamp="2025-03-23T19:50:18 IST" skipped="0">
  <testcase classname="thevortexalpha.AppiumFrameworkDesign.PositiveNdNegativeTest" name="fillFormNegativeFlow" time="5.432"/>
  <testcase classname="thevortexalpha.AppiumFrameworkDesign.PositiveNdNegativeTest" name="fillFormPositiveFlow" time="18.489"/>
</testsuite> <!-- thevortexalpha.AppiumFrameworkDesign.PositiveNdNegativeTest -->
