<?xml version="1.0" encoding="UTF-8"?>
<!-- Generated by org.testng.reporters.JUnitReportReporter -->
<testsuite hostname="VibinWorkStation" failures="0" tests="1" name="thevortexalpha.AppiumFrameworkDesign.O13_ECommerce_E2E_TC04" time="5.301" errors="0" timestamp="2025-03-23T19:41:53 IST" skipped="0">
  <testcase classname="thevortexalpha.AppiumFrameworkDesign.O13_ECommerce_E2E_TC04" name="fillFormPositiveFlow" time="5.301"/>
</testsuite> <!-- thevortexalpha.AppiumFrameworkDesign.O13_ECommerce_E2E_TC04 -->
