<?xml version="1.0" encoding="UTF-8"?>
<!-- Generated by org.testng.reporters.JUnitReportReporter -->
<testsuite hostname="VibinWorkStation" failures="0" tests="2" name="thevortexalpha.Appium.tests.O01_ECommerce_E2E_TC01" time="51.578" errors="0" timestamp="2025-03-30T19:37:10 IST" skipped="0">
  <testcase classname="thevortexalpha.Appium.tests.O01_ECommerce_E2E_TC01" name="eCommerceE2EHybrid" time="24.804"/>
  <testcase classname="thevortexalpha.Appium.tests.O01_ECommerce_E2E_TC01" name="eCommerceE2EHybrid" time="26.774"/>
</testsuite> <!-- thevortexalpha.Appium.tests.O01_ECommerce_E2E_TC01 -->
