<?xml version="1.0" encoding="UTF-8"?>
<!-- Generated by org.testng.reporters.JUnitReportReporter -->
<testsuite hostname="VibinWorkStation" failures="0" tests="2" name="thevortexalpha.Appium.tests.O01_ECommerce_E2E_TC01" time="73.778" errors="0" timestamp="2025-03-30T21:47:48 IST" skipped="0">
  <testcase classname="thevortexalpha.Appium.tests.O01_ECommerce_E2E_TC01" name="eCommerceE2EHybrid" time="38.036"/>
  <testcase classname="thevortexalpha.Appium.tests.O01_ECommerce_E2E_TC01" name="eCommerceE2EHybrid" time="35.742"/>
</testsuite> <!-- thevortexalpha.Appium.tests.O01_ECommerce_E2E_TC01 -->
